<?xml version="1.0" encoding="UTF-8"?>
<testsuite name="com.breakaway.admin.BA_website.web.IndexControllerTest" tests="1" skipped="0" failures="0" errors="0" timestamp="2020-10-22T08:37:10" hostname="DESKTOP-0IGPB7J" time="0.213">
  <properties/>
  <testcase name="mainPage_loading" classname="com.breakaway.admin.BA_website.web.IndexControllerTest" time="0.213"/>
  <system-out><![CDATA[2020-10-22 17:37:07.792  INFO 8332 --- [    Test worker] .b.t.c.SpringBootTestContextBootstrapper : Neither @ContextConfiguration nor @ContextHierarchy found for test class [com.breakaway.admin.BA_website.web.IndexControllerTest], using SpringBootContextLoader
2020-10-22 17:37:07.793  INFO 8332 --- [    Test worker] o.s.t.c.support.AbstractContextLoader    : Could not detect default resource locations for test class [com.breakaway.admin.BA_website.web.IndexControllerTest]: no resource found for suffixes {-context.xml, Context.groovy}.
2020-10-22 17:37:07.793  INFO 8332 --- [    Test worker] t.c.s.AnnotationConfigContextLoaderUtils : Could not detect default configuration classes for test class [com.breakaway.admin.BA_website.web.IndexControllerTest]: IndexControllerTest does not declare any static, non-private, non-final, nested classes annotated with @Configuration.
2020-10-22 17:37:07.795  INFO 8332 --- [    Test worker] .b.t.c.SpringBootTestContextBootstrapper : Found @SpringBootConfiguration com.breakaway.admin.BA_website.Application for test class com.breakaway.admin.BA_website.web.IndexControllerTest
2020-10-22 17:37:07.797  INFO 8332 --- [    Test worker] .b.t.c.SpringBootTestContextBootstrapper : Loaded default TestExecutionListener class names from location [META-INF/spring.factories]: [org.springframework.security.test.context.support.WithSecurityContextTestExecutionListener, org.springframework.security.test.context.support.ReactorContextTestExecutionListener, org.springframework.boot.test.autoconfigure.restdocs.RestDocsTestExecutionListener, org.springframework.boot.test.autoconfigure.web.client.MockRestServiceServerResetTestExecutionListener, org.springframework.boot.test.autoconfigure.web.servlet.MockMvcPrintOnlyOnFailureTestExecutionListener, org.springframework.boot.test.autoconfigure.web.servlet.WebDriverTestExecutionListener, org.springframework.boot.test.mock.mockito.MockitoTestExecutionListener, org.springframework.boot.test.mock.mockito.ResetMocksTestExecutionListener, org.springframework.test.context.web.ServletTestExecutionListener, org.springframework.test.context.support.DirtiesContextBeforeModesTestExecutionListener, org.springframework.test.context.support.DependencyInjectionTestExecutionListener, org.springframework.test.context.support.DirtiesContextTestExecutionListener, org.springframework.test.context.transaction.TransactionalTestExecutionListener, org.springframework.test.context.jdbc.SqlScriptsTestExecutionListener]
2020-10-22 17:37:07.798  INFO 8332 --- [    Test worker] .b.t.c.SpringBootTestContextBootstrapper : Using TestExecutionListeners: [org.springframework.test.context.web.ServletTestExecutionListener@626624a0, org.springframework.test.context.support.DirtiesContextBeforeModesTestExecutionListener@4be1a152, org.springframework.boot.test.mock.mockito.MockitoTestExecutionListener@2b0227b9, org.springframework.boot.test.autoconfigure.SpringBootDependencyInjectionTestExecutionListener@68cc23d7, org.springframework.test.context.support.DirtiesContextTestExecutionListener@3bdc594a, org.springframework.test.context.transaction.TransactionalTestExecutionListener@7d719452, org.springframework.test.context.jdbc.SqlScriptsTestExecutionListener@47745baa, org.springframework.security.test.context.support.WithSecurityContextTestExecutionListener@4e2f0a08, org.springframework.security.test.context.support.ReactorContextTestExecutionListener@17601c8e, org.springframework.boot.test.autoconfigure.restdocs.RestDocsTestExecutionListener@66c2c934, org.springframework.boot.test.autoconfigure.web.client.MockRestServiceServerResetTestExecutionListener@30e674d, org.springframework.boot.test.autoconfigure.web.servlet.MockMvcPrintOnlyOnFailureTestExecutionListener@3547526e, org.springframework.boot.test.autoconfigure.web.servlet.WebDriverTestExecutionListener@22d4bc24, org.springframework.boot.test.mock.mockito.ResetMocksTestExecutionListener@522f5a23]

  .   ____          _            __ _ _
 /\\ / ___'_ __ _ _(_)_ __  __ _ \ \ \ \
( ( )\___ | '_ | '_| | '_ \/ _` | \ \ \ \
 \\/  ___)| |_)| | | | | || (_| |  ) ) ) )
  '  |____| .__|_| |_|_| |_\__, | / / / /
 =========|_|==============|___/=/_/_/_/
 :: Spring Boot ::        (v2.1.7.RELEASE)

2020-10-22 17:37:07.848  INFO 8332 --- [    Test worker] c.b.a.B.web.IndexControllerTest          : Starting IndexControllerTest on DESKTOP-0IGPB7J with PID 8332 (started by fkavm in C:\Users\fkavm\IdeaProjects\B.A_website)
2020-10-22 17:37:07.848  INFO 8332 --- [    Test worker] c.b.a.B.web.IndexControllerTest          : The following profiles are active: oauth
2020-10-22 17:37:08.080  INFO 8332 --- [    Test worker] .s.d.r.c.RepositoryConfigurationDelegate : Bootstrapping Spring Data repositories in DEFAULT mode.
2020-10-22 17:37:08.108  INFO 8332 --- [    Test worker] .s.d.r.c.RepositoryConfigurationDelegate : Finished Spring Data repository scanning in 27ms. Found 2 repository interfaces.
2020-10-22 17:37:08.213  INFO 8332 --- [    Test worker] trationDelegate$BeanPostProcessorChecker : Bean 'org.springframework.transaction.annotation.ProxyTransactionManagementConfiguration' of type [org.springframework.transaction.annotation.ProxyTransactionManagementConfiguration$$EnhancerBySpringCGLIB$$2f8561ab] is not eligible for getting processed by all BeanPostProcessors (for example: not eligible for auto-proxying)
2020-10-22 17:37:08.513  INFO 8332 --- [    Test worker] o.s.b.w.embedded.tomcat.TomcatWebServer  : Tomcat initialized with port(s): 0 (http)
2020-10-22 17:37:08.550  INFO 8332 --- [    Test worker] o.apache.catalina.core.StandardService   : Starting service [Tomcat]
2020-10-22 17:37:08.550  INFO 8332 --- [    Test worker] org.apache.catalina.core.StandardEngine  : Starting Servlet engine: [Apache Tomcat/9.0.22]
2020-10-22 17:37:08.718  INFO 8332 --- [    Test worker] o.a.c.c.C.[Tomcat].[localhost].[/]       : Initializing Spring embedded WebApplicationContext
2020-10-22 17:37:08.718  INFO 8332 --- [    Test worker] o.s.web.context.ContextLoader            : Root WebApplicationContext: initialization completed in 868 ms
2020-10-22 17:37:08.928  INFO 8332 --- [    Test worker] com.zaxxer.hikari.HikariDataSource       : HikariPool-2 - Starting...
2020-10-22 17:37:08.930  INFO 8332 --- [    Test worker] com.zaxxer.hikari.HikariDataSource       : HikariPool-2 - Start completed.
2020-10-22 17:37:08.968  INFO 8332 --- [    Test worker] o.hibernate.jpa.internal.util.LogHelper  : HHH000204: Processing PersistenceUnitInfo [
	name: default
	...]
2020-10-22 17:37:08.976  INFO 8332 --- [    Test worker] org.hibernate.dialect.Dialect            : HHH000400: Using dialect: org.hibernate.dialect.MySQL5InnoDBDialect
Hibernate: drop table if exists posts
Hibernate: drop table if exists user
Hibernate: create table posts (id bigint not null auto_increment, created_date datetime, modified_date datetime, author varchar(255), content TEXT not null, title varchar(500) not null, primary key (id)) engine=InnoDB
Hibernate: create table user (id bigint not null auto_increment, created_date datetime, modified_date datetime, email varchar(255) not null, name varchar(255) not null, picture varchar(255), role varchar(255) not null, primary key (id)) engine=InnoDB
2020-10-22 17:37:09.040  INFO 8332 --- [    Test worker] o.h.t.schema.internal.SchemaCreatorImpl  : HHH000476: Executing import script 'org.hibernate.tool.schema.internal.exec.ScriptSourceInputNonExistentImpl@680a3c7b'
2020-10-22 17:37:09.041  INFO 8332 --- [    Test worker] j.LocalContainerEntityManagerFactoryBean : Initialized JPA EntityManagerFactory for persistence unit 'default'
2020-10-22 17:37:09.410  INFO 8332 --- [    Test worker] o.h.h.i.QueryTranslatorFactoryInitiator  : HHH000397: Using ASTQueryTranslatorFactory
2020-10-22 17:37:09.578  INFO 8332 --- [    Test worker] o.s.s.web.DefaultSecurityFilterChain     : Creating filter chain: any request, [org.springframework.security.web.context.request.async.WebAsyncManagerIntegrationFilter@388a04c0, org.springframework.security.web.context.SecurityContextPersistenceFilter@167e8015, org.springframework.security.web.header.HeaderWriterFilter@3afeffbc, org.springframework.security.web.authentication.logout.LogoutFilter@1db1991d, org.springframework.security.oauth2.client.web.OAuth2AuthorizationRequestRedirectFilter@1aeba58e, org.springframework.security.oauth2.client.web.OAuth2LoginAuthenticationFilter@60efc6d0, org.springframework.security.web.authentication.ui.DefaultLoginPageGeneratingFilter@7fadc0d5, org.springframework.security.web.authentication.ui.DefaultLogoutPageGeneratingFilter@3aa7f788, org.springframework.security.web.savedrequest.RequestCacheAwareFilter@5f94a0e, org.springframework.security.web.servletapi.SecurityContextHolderAwareRequestFilter@48b74612, org.springframework.security.web.authentication.AnonymousAuthenticationFilter@7d27e287, org.springframework.security.web.session.SessionManagementFilter@66fa2ae3, org.springframework.security.web.access.ExceptionTranslationFilter@17f08c98, org.springframework.security.web.access.intercept.FilterSecurityInterceptor@1c73cb82]
2020-10-22 17:37:09.834  INFO 8332 --- [    Test worker] o.s.s.concurrent.ThreadPoolTaskExecutor  : Initializing ExecutorService 'applicationTaskExecutor'
2020-10-22 17:37:09.849  WARN 8332 --- [    Test worker] aWebConfiguration$JpaWebMvcConfiguration : spring.jpa.open-in-view is enabled by default. Therefore, database queries may be performed during view rendering. Explicitly configure spring.jpa.open-in-view to disable this warning
2020-10-22 17:37:09.876  INFO 8332 --- [    Test worker] o.s.b.a.w.s.WelcomePageHandlerMapping    : Adding welcome page template: index
2020-10-22 17:37:10.169  INFO 8332 --- [    Test worker] s.a.ScheduledAnnotationBeanPostProcessor : No TaskScheduler/ScheduledExecutorService bean found for scheduled processing
2020-10-22 17:37:10.189  INFO 8332 --- [    Test worker] o.s.b.w.embedded.tomcat.TomcatWebServer  : Tomcat started on port(s): 55649 (http) with context path ''
2020-10-22 17:37:10.190  INFO 8332 --- [    Test worker] c.b.a.B.web.IndexControllerTest          : Started IndexControllerTest in 2.39 seconds (JVM running for 11.568)
2020-10-22 17:37:10.290  INFO 8332 --- [o-auto-1-exec-1] o.a.c.c.C.[Tomcat].[localhost].[/]       : Initializing Spring DispatcherServlet 'dispatcherServlet'
2020-10-22 17:37:10.291  INFO 8332 --- [o-auto-1-exec-1] o.s.web.servlet.DispatcherServlet        : Initializing Servlet 'dispatcherServlet'
2020-10-22 17:37:10.320  INFO 8332 --- [o-auto-1-exec-1] o.s.web.servlet.DispatcherServlet        : Completed initialization in 29 ms
Hibernate: select posts0_.id as id1_0_, posts0_.created_date as created_2_0_, posts0_.modified_date as modified3_0_, posts0_.author as author4_0_, posts0_.content as content5_0_, posts0_.title as title6_0_ from posts posts0_ order by posts0_.id DESC
]]></system-out>
  <system-err><![CDATA[]]></system-err>
</testsuite>
